2022-10-04 13:46:43,683 [INFO] Activator:177 - 


2022-10-04 13:46:43,683 [INFO] Activator:178 - !SESSION log4j initialized
2022-10-04 13:47:06,503 [ERROR] LogOutputStream:74 - [STDERR_REDIRECT] SLF4J: Failed to load class "org.slf4j.impl.StaticLoggerBinder".
2022-10-04 13:47:06,503 [ERROR] LogOutputStream:74 - [STDERR_REDIRECT] SLF4J: Defaulting to no-operation (NOP) logger implementation
2022-10-04 13:47:06,509 [ERROR] LogOutputStream:74 - [STDERR_REDIRECT] SLF4J: See http://www.slf4j.org/codes.html#StaticLoggerBinder for further details.
2022-10-04 13:49:50,911 [INFO] Activator:177 - 


2022-10-04 13:49:50,911 [INFO] Activator:178 - !SESSION log4j initialized
2022-10-04 13:50:13,895 [ERROR] LogOutputStream:74 - [STDERR_REDIRECT] SLF4J: Failed to load class "org.slf4j.impl.StaticLoggerBinder".
2022-10-04 13:50:13,897 [ERROR] LogOutputStream:74 - [STDERR_REDIRECT] SLF4J: Defaulting to no-operation (NOP) logger implementation
2022-10-04 13:50:13,897 [ERROR] LogOutputStream:74 - [STDERR_REDIRECT] SLF4J: See http://www.slf4j.org/codes.html#StaticLoggerBinder for further details.
2022-10-10 13:00:58,412 [INFO] Activator:177 - 


2022-10-10 13:00:58,420 [INFO] Activator:178 - !SESSION log4j initialized
2022-10-10 13:01:25,276 [ERROR] LogOutputStream:74 - [STDERR_REDIRECT] SLF4J: Failed to load class "org.slf4j.impl.StaticLoggerBinder".
2022-10-10 13:01:25,276 [ERROR] LogOutputStream:74 - [STDERR_REDIRECT] SLF4J: Defaulting to no-operation (NOP) logger implementation
2022-10-10 13:01:25,276 [ERROR] LogOutputStream:74 - [STDERR_REDIRECT] SLF4J: See http://www.slf4j.org/codes.html#StaticLoggerBinder for further details.
2022-10-19 16:38:07,753 [INFO] Activator:177 - 


2022-10-19 16:38:07,753 [INFO] Activator:178 - !SESSION log4j initialized
2022-10-19 16:38:36,630 [ERROR] LogOutputStream:74 - [STDERR_REDIRECT] SLF4J: Failed to load class "org.slf4j.impl.StaticLoggerBinder".
2022-10-19 16:38:36,630 [ERROR] LogOutputStream:74 - [STDERR_REDIRECT] SLF4J: Defaulting to no-operation (NOP) logger implementation
2022-10-19 16:38:36,633 [ERROR] LogOutputStream:74 - [STDERR_REDIRECT] SLF4J: See http://www.slf4j.org/codes.html#StaticLoggerBinder for further details.
2022-10-21 21:32:09,907 [INFO] Activator:177 - 


2022-10-21 21:32:09,915 [INFO] Activator:178 - !SESSION log4j initialized
2022-10-21 21:32:37,504 [ERROR] LogOutputStream:74 - [STDERR_REDIRECT] SLF4J: Failed to load class "org.slf4j.impl.StaticLoggerBinder".
2022-10-21 21:32:37,504 [ERROR] LogOutputStream:74 - [STDERR_REDIRECT] SLF4J: Defaulting to no-operation (NOP) logger implementation
2022-10-21 21:32:37,507 [ERROR] LogOutputStream:74 - [STDERR_REDIRECT] SLF4J: See http://www.slf4j.org/codes.html#StaticLoggerBinder for further details.
